                                                                                                                                                              ERROR:daisy.client:Block downscale/3449 with read ROI [6400:9600, 8192:8704, 4096:4608] (3200, 512, 512) and write ROI [6400:9600, 8192:8704, 4096:4608] (3200, 512, 512) failed in worker 1734
Traceback (most recent call last):
  File "/Users/joelyancey/.local/share/virtualenvs/swift-ir-AuCIf4YN/lib/python3.9/site-packages/daisy/client.py", line 85, in acquire_block
    yield block
  File "/Users/joelyancey/.local/share/virtualenvs/swift-ir-AuCIf4YN/lib/python3.9/site-packages/daisy/task.py", line 179, in _process_blocks
    self.process_function(block)
  File "/Users/joelyancey/glanceem_swift/swift-ir/alignEM/package/scale_pyramid.py", line 688, in <lambda>
    process_function=lambda b: downscale_block(
  File "/Users/joelyancey/glanceem_swift/swift-ir/alignEM/package/scale_pyramid.py", line 640, in downscale_block
    out_data = skimage.measure.block_reduce(in_data, factor, np.mean)
NameError: name 'skimage' is not defined
downscale ▶:   0%|                                                                                  | 0/1764 [00:05<?, ?blocks/s, ⧗=0, ▶=26, ✔=0, ✗=1133, ∅=0]                                                                                                                                                              ERROR:daisy.client:Block downscale/2257 with read ROI [6400:9600, 9728:10240, 512:1024] (3200, 512, 512) and write ROI [6400:9600, 9728:10240, 512:1024] (3200, 512, 512) failed in worker 1734
Traceback (most recent call last):
  File "/Users/joelyancey/.local/share/virtualenvs/swift-ir-AuCIf4YN/lib/python3.9/site-packages/daisy/client.py", line 85, in acquire_block
    yield block
  File "/Users/joelyancey/.local/share/virtualenvs/swift-ir-AuCIf4YN/lib/python3.9/site-packages/daisy/task.py", line 179, in _process_blocks
    self.process_function(block)
  File "/Users/joelyancey/glanceem_swift/swift-ir/alignEM/package/scale_pyramid.py", line 688, in <lambda>
    process_function=lambda b: downscale_block(
  File "/Users/joelyancey/glanceem_swift/swift-ir/alignEM/package/scale_pyramid.py", line 640, in downscale_block
    out_data = skimage.measure.block_reduce(in_data, factor, np.mean)
NameError: name 'skimage' is not defined
downscale ▶:   0%|                                                                                  | 0/1764 [00:06<?, ?blocks/s, ⧗=0, ▶=26, ✔=0, ✗=1133, ∅=0]                                                                                                                                                              ERROR:daisy.client:Block downscale/1549 with read ROI [9600:9700, 0:512, 8704:9216] (100, 512, 512) and write ROI [9600:9700, 0:512, 8704:9216] (100, 512, 512) failed in worker 1734
Traceback (most recent call last):
  File "/Users/joelyancey/.local/share/virtualenvs/swift-ir-AuCIf4YN/lib/python3.9/site-packages/daisy/client.py", line 85, in acquire_block
    yield block
  File "/Users/joelyancey/.local/share/virtualenvs/swift-ir-AuCIf4YN/lib/python3.9/site-packages/daisy/task.py", line 179, in _process_blocks
    self.process_function(block)
  File "/Users/joelyancey/glanceem_swift/swift-ir/alignEM/package/scale_pyramid.py", line 688, in <lambda>
    process_function=lambda b: downscale_block(
  File "/Users/joelyancey/glanceem_swift/swift-ir/alignEM/package/scale_pyramid.py", line 640, in downscale_block
    out_data = skimage.measure.block_reduce(in_data, factor, np.mean)
NameError: name 'skimage' is not defined
downscale ▶:   0%|                                                                                  | 0/1764 [00:06<?, ?blocks/s, ⧗=0, ▶=26, ✔=0, ✗=1133, ∅=0]                                                                                                                                                              ERROR:daisy.client:Block downscale/1354 with read ROI [9600:9700, 1536:2048, 6656:7168] (100, 512, 512) and write ROI [9600:9700, 1536:2048, 6656:7168] (100, 512, 512) failed in worker 1734
Traceback (most recent call last):
  File "/Users/joelyancey/.local/share/virtualenvs/swift-ir-AuCIf4YN/lib/python3.9/site-packages/daisy/client.py", line 85, in acquire_block
    yield block
  File "/Users/joelyancey/.local/share/virtualenvs/swift-ir-AuCIf4YN/lib/python3.9/site-packages/daisy/task.py", line 179, in _process_blocks
    self.process_function(block)
  File "/Users/joelyancey/glanceem_swift/swift-ir/alignEM/package/scale_pyramid.py", line 688, in <lambda>
    process_function=lambda b: downscale_block(
  File "/Users/joelyancey/glanceem_swift/swift-ir/alignEM/package/scale_pyramid.py", line 640, in downscale_block
    out_data = skimage.measure.block_reduce(in_data, factor, np.mean)
NameError: name 'skimage' is not defined
downscale ▶:   0%|                                                                                  | 0/1764 [00:06<?, ?blocks/s, ⧗=0, ▶=26, ✔=0, ✗=1133, ∅=0]