                                                                                                                                                              ERROR:daisy.client:Block downscale/14518 with read ROI [9600:9700, 5632:5888, 4608:4864] (100, 256, 256) and write ROI [9600:9700, 5632:5888, 4608:4864] (100, 256, 256) failed in worker 1271
Traceback (most recent call last):
  File "/Users/joelyancey/.local/share/virtualenvs/swift-ir-AuCIf4YN/lib/python3.9/site-packages/daisy/client.py", line 85, in acquire_block
    yield block
  File "/Users/joelyancey/.local/share/virtualenvs/swift-ir-AuCIf4YN/lib/python3.9/site-packages/daisy/task.py", line 179, in _process_blocks
    self.process_function(block)
  File "/Users/joelyancey/glanceem_swift/swift-ir/alignEM/package/scale_pyramid.py", line 688, in <lambda>
    process_function=lambda b: downscale_block(
  File "/Users/joelyancey/glanceem_swift/swift-ir/alignEM/package/scale_pyramid.py", line 640, in downscale_block
    out_data = skimage.measure.block_reduce(in_data, factor, np.mean)
NameError: name 'skimage' is not defined
downscale ▶:   0%|                                                                                  | 0/7056 [00:36<?, ?blocks/s, ⧗=0, ▶=41, ✔=0, ✗=6117, ∅=0]                                                                                                                                                              ERROR:daisy.client:Block downscale/36344 with read ROI [9600:9700, 5888:6144, 8448:8704] (100, 256, 256) and write ROI [9600:9700, 5888:6144, 8448:8704] (100, 256, 256) failed in worker 1271
Traceback (most recent call last):
  File "/Users/joelyancey/.local/share/virtualenvs/swift-ir-AuCIf4YN/lib/python3.9/site-packages/daisy/client.py", line 85, in acquire_block
    yield block
  File "/Users/joelyancey/.local/share/virtualenvs/swift-ir-AuCIf4YN/lib/python3.9/site-packages/daisy/task.py", line 179, in _process_blocks
    self.process_function(block)
  File "/Users/joelyancey/glanceem_swift/swift-ir/alignEM/package/scale_pyramid.py", line 688, in <lambda>
    process_function=lambda b: downscale_block(
  File "/Users/joelyancey/glanceem_swift/swift-ir/alignEM/package/scale_pyramid.py", line 640, in downscale_block
    out_data = skimage.measure.block_reduce(in_data, factor, np.mean)
NameError: name 'skimage' is not defined
downscale ▶:   0%|                                                                                  | 0/7056 [00:36<?, ?blocks/s, ⧗=0, ▶=41, ✔=0, ✗=6117, ∅=0]                                                                                                                                                              ERROR:daisy.client:Block downscale/7549 with read ROI [9600:9700, 6400:6656, 1536:1792] (100, 256, 256) and write ROI [9600:9700, 6400:6656, 1536:1792] (100, 256, 256) failed in worker 1271
Traceback (most recent call last):
  File "/Users/joelyancey/.local/share/virtualenvs/swift-ir-AuCIf4YN/lib/python3.9/site-packages/daisy/client.py", line 85, in acquire_block
    yield block
  File "/Users/joelyancey/.local/share/virtualenvs/swift-ir-AuCIf4YN/lib/python3.9/site-packages/daisy/task.py", line 179, in _process_blocks
    self.process_function(block)
  File "/Users/joelyancey/glanceem_swift/swift-ir/alignEM/package/scale_pyramid.py", line 688, in <lambda>
    process_function=lambda b: downscale_block(
  File "/Users/joelyancey/glanceem_swift/swift-ir/alignEM/package/scale_pyramid.py", line 640, in downscale_block
    out_data = skimage.measure.block_reduce(in_data, factor, np.mean)
NameError: name 'skimage' is not defined
downscale ▶:   0%|                                                                                  | 0/7056 [00:36<?, ?blocks/s, ⧗=0, ▶=41, ✔=0, ✗=6117, ∅=0]                                                                                                                                                              ERROR:daisy.client:Block downscale/21263 with read ROI [9600:9700, 6656:6912, 5120:5376] (100, 256, 256) and write ROI [9600:9700, 6656:6912, 5120:5376] (100, 256, 256) failed in worker 1271
Traceback (most recent call last):
  File "/Users/joelyancey/.local/share/virtualenvs/swift-ir-AuCIf4YN/lib/python3.9/site-packages/daisy/client.py", line 85, in acquire_block
    yield block
  File "/Users/joelyancey/.local/share/virtualenvs/swift-ir-AuCIf4YN/lib/python3.9/site-packages/daisy/task.py", line 179, in _process_blocks
    self.process_function(block)
  File "/Users/joelyancey/glanceem_swift/swift-ir/alignEM/package/scale_pyramid.py", line 688, in <lambda>
    process_function=lambda b: downscale_block(
  File "/Users/joelyancey/glanceem_swift/swift-ir/alignEM/package/scale_pyramid.py", line 640, in downscale_block
    out_data = skimage.measure.block_reduce(in_data, factor, np.mean)
NameError: name 'skimage' is not defined
downscale ▶:   0%|                                                                                  | 0/7056 [00:37<?, ?blocks/s, ⧗=0, ▶=41, ✔=0, ✗=6117, ∅=0]