                                                                                                                                                              ERROR:daisy.client:Block downscale/3809 with read ROI [6400:9600, 7680:8192, 5120:5632] (3200, 512, 512) and write ROI [6400:9600, 7680:8192, 5120:5632] (3200, 512, 512) failed in worker 1723
Traceback (most recent call last):
  File "/Users/joelyancey/.local/share/virtualenvs/swift-ir-AuCIf4YN/lib/python3.9/site-packages/daisy/client.py", line 85, in acquire_block
    yield block
  File "/Users/joelyancey/.local/share/virtualenvs/swift-ir-AuCIf4YN/lib/python3.9/site-packages/daisy/task.py", line 179, in _process_blocks
    self.process_function(block)
  File "/Users/joelyancey/glanceem_swift/swift-ir/alignEM/package/scale_pyramid.py", line 688, in <lambda>
    process_function=lambda b: downscale_block(
  File "/Users/joelyancey/glanceem_swift/swift-ir/alignEM/package/scale_pyramid.py", line 640, in downscale_block
    out_data = skimage.measure.block_reduce(in_data, factor, np.mean)
NameError: name 'skimage' is not defined
downscale ▶:   0%|                                                                                  | 0/1764 [00:05<?, ?blocks/s, ⧗=0, ▶=37, ✔=0, ✗=1105, ∅=0]                                                                                                                                                              ERROR:daisy.client:Block downscale/2512 with read ROI [6400:9600, 9216:9728, 1536:2048] (3200, 512, 512) and write ROI [6400:9600, 9216:9728, 1536:2048] (3200, 512, 512) failed in worker 1723
Traceback (most recent call last):
  File "/Users/joelyancey/.local/share/virtualenvs/swift-ir-AuCIf4YN/lib/python3.9/site-packages/daisy/client.py", line 85, in acquire_block
    yield block
  File "/Users/joelyancey/.local/share/virtualenvs/swift-ir-AuCIf4YN/lib/python3.9/site-packages/daisy/task.py", line 179, in _process_blocks
    self.process_function(block)
  File "/Users/joelyancey/glanceem_swift/swift-ir/alignEM/package/scale_pyramid.py", line 688, in <lambda>
    process_function=lambda b: downscale_block(
  File "/Users/joelyancey/glanceem_swift/swift-ir/alignEM/package/scale_pyramid.py", line 640, in downscale_block
    out_data = skimage.measure.block_reduce(in_data, factor, np.mean)
NameError: name 'skimage' is not defined
downscale ▶:   0%|                                                                                  | 0/1764 [00:06<?, ?blocks/s, ⧗=0, ▶=37, ✔=0, ✗=1105, ∅=0]                                                                                                                                                              ERROR:daisy.client:Block downscale/11735 with read ROI [6400:9600, 10240:10592, 9216:9728] (3200, 352, 512) and write ROI [6400:9600, 10240:10592, 9216:9728] (3200, 352, 512) failed in worker 1723
Traceback (most recent call last):
  File "/Users/joelyancey/.local/share/virtualenvs/swift-ir-AuCIf4YN/lib/python3.9/site-packages/daisy/client.py", line 85, in acquire_block
    yield block
  File "/Users/joelyancey/.local/share/virtualenvs/swift-ir-AuCIf4YN/lib/python3.9/site-packages/daisy/task.py", line 179, in _process_blocks
    self.process_function(block)
  File "/Users/joelyancey/glanceem_swift/swift-ir/alignEM/package/scale_pyramid.py", line 688, in <lambda>
    process_function=lambda b: downscale_block(
  File "/Users/joelyancey/glanceem_swift/swift-ir/alignEM/package/scale_pyramid.py", line 640, in downscale_block
    out_data = skimage.measure.block_reduce(in_data, factor, np.mean)
NameError: name 'skimage' is not defined
downscale ▶:   0%|                                                                                  | 0/1764 [00:06<?, ?blocks/s, ⧗=0, ▶=37, ✔=0, ✗=1105, ∅=0]                                                                                                                                                              ERROR:daisy.client:Block downscale/987 with read ROI [9600:9700, 1024:1536, 6144:6656] (100, 512, 512) and write ROI [9600:9700, 1024:1536, 6144:6656] (100, 512, 512) failed in worker 1723
Traceback (most recent call last):
  File "/Users/joelyancey/.local/share/virtualenvs/swift-ir-AuCIf4YN/lib/python3.9/site-packages/daisy/client.py", line 85, in acquire_block
    yield block
  File "/Users/joelyancey/.local/share/virtualenvs/swift-ir-AuCIf4YN/lib/python3.9/site-packages/daisy/task.py", line 179, in _process_blocks
    self.process_function(block)
  File "/Users/joelyancey/glanceem_swift/swift-ir/alignEM/package/scale_pyramid.py", line 688, in <lambda>
    process_function=lambda b: downscale_block(
  File "/Users/joelyancey/glanceem_swift/swift-ir/alignEM/package/scale_pyramid.py", line 640, in downscale_block
    out_data = skimage.measure.block_reduce(in_data, factor, np.mean)
NameError: name 'skimage' is not defined
downscale ▶:   0%|                                                                                  | 0/1764 [00:06<?, ?blocks/s, ⧗=0, ▶=37, ✔=0, ✗=1105, ∅=0]