ERROR:daisy.client:Block downscale/615 with read ROI [0:3200, 10240:10592, 4096:5120] (3200, 352, 1024) and write ROI [0:3200, 10240:10592, 4096:5120] (3200, 352, 1024) failed in worker 1929
Traceback (most recent call last):
  File "/Users/joelyancey/.local/share/virtualenvs/swift-ir-AuCIf4YN/lib/python3.9/site-packages/daisy/client.py", line 85, in acquire_block
    yield block
  File "/Users/joelyancey/.local/share/virtualenvs/swift-ir-AuCIf4YN/lib/python3.9/site-packages/daisy/task.py", line 179, in _process_blocks
    self.process_function(block)
  File "/Users/joelyancey/glanceem_swift/swift-ir/alignEM/package/scale_pyramid.py", line 688, in <lambda>
    process_function=lambda b: downscale_block(
  File "/Users/joelyancey/glanceem_swift/swift-ir/alignEM/package/scale_pyramid.py", line 640, in downscale_block
    out_data = skimage.measure.block_reduce(in_data, factor, np.mean)
NameError: name 'skimage' is not defined
ERROR:daisy.client:Block downscale/696 with read ROI [3200:6400, 4096:5120, 10240:10592] (3200, 1024, 352) and write ROI [3200:6400, 4096:5120, 10240:10592] (3200, 1024, 352) failed in worker 1929
Traceback (most recent call last):
  File "/Users/joelyancey/.local/share/virtualenvs/swift-ir-AuCIf4YN/lib/python3.9/site-packages/daisy/client.py", line 85, in acquire_block
    yield block
  File "/Users/joelyancey/.local/share/virtualenvs/swift-ir-AuCIf4YN/lib/python3.9/site-packages/daisy/task.py", line 179, in _process_blocks
    self.process_function(block)
  File "/Users/joelyancey/glanceem_swift/swift-ir/alignEM/package/scale_pyramid.py", line 688, in <lambda>
    process_function=lambda b: downscale_block(
  File "/Users/joelyancey/glanceem_swift/swift-ir/alignEM/package/scale_pyramid.py", line 640, in downscale_block
    out_data = skimage.measure.block_reduce(in_data, factor, np.mean)
NameError: name 'skimage' is not defined
ERROR:daisy.client:Block downscale/747 with read ROI [3200:6400, 10240:10592, 4096:5120] (3200, 352, 1024) and write ROI [3200:6400, 10240:10592, 4096:5120] (3200, 352, 1024) failed in worker 1929
Traceback (most recent call last):
  File "/Users/joelyancey/.local/share/virtualenvs/swift-ir-AuCIf4YN/lib/python3.9/site-packages/daisy/client.py", line 85, in acquire_block
    yield block
  File "/Users/joelyancey/.local/share/virtualenvs/swift-ir-AuCIf4YN/lib/python3.9/site-packages/daisy/task.py", line 179, in _process_blocks
    self.process_function(block)
  File "/Users/joelyancey/glanceem_swift/swift-ir/alignEM/package/scale_pyramid.py", line 688, in <lambda>
    process_function=lambda b: downscale_block(
  File "/Users/joelyancey/glanceem_swift/swift-ir/alignEM/package/scale_pyramid.py", line 640, in downscale_block
    out_data = skimage.measure.block_reduce(in_data, factor, np.mean)
NameError: name 'skimage' is not defined
ERROR:daisy.client:Block downscale/188 with read ROI [6400:9600, 4096:5120, 3072:4096] (3200, 1024, 1024) and write ROI [6400:9600, 4096:5120, 3072:4096] (3200, 1024, 1024) failed in worker 1929
Traceback (most recent call last):
  File "/Users/joelyancey/.local/share/virtualenvs/swift-ir-AuCIf4YN/lib/python3.9/site-packages/daisy/client.py", line 85, in acquire_block
    yield block
  File "/Users/joelyancey/.local/share/virtualenvs/swift-ir-AuCIf4YN/lib/python3.9/site-packages/daisy/task.py", line 179, in _process_blocks
    self.process_function(block)
  File "/Users/joelyancey/glanceem_swift/swift-ir/alignEM/package/scale_pyramid.py", line 688, in <lambda>
    process_function=lambda b: downscale_block(
  File "/Users/joelyancey/glanceem_swift/swift-ir/alignEM/package/scale_pyramid.py", line 640, in downscale_block
    out_data = skimage.measure.block_reduce(in_data, factor, np.mean)
NameError: name 'skimage' is not defined
