                                                                                                                                                              ERROR:daisy.client:Block downscale/46113 with read ROI [6400:9600, 6144:6400, 9728:9984] (3200, 256, 256) and write ROI [6400:9600, 6144:6400, 9728:9984] (3200, 256, 256) failed in worker 939
Traceback (most recent call last):
  File "/Users/joelyancey/.local/share/virtualenvs/swift-ir-AuCIf4YN/lib/python3.9/site-packages/daisy/client.py", line 85, in acquire_block
    yield block
  File "/Users/joelyancey/.local/share/virtualenvs/swift-ir-AuCIf4YN/lib/python3.9/site-packages/daisy/task.py", line 179, in _process_blocks
    self.process_function(block)
  File "/Users/joelyancey/glanceem_swift/swift-ir/alignEM/package/scale_pyramid.py", line 688, in <lambda>
    process_function=lambda b: downscale_block(
  File "/Users/joelyancey/glanceem_swift/swift-ir/alignEM/package/scale_pyramid.py", line 640, in downscale_block
    out_data = skimage.measure.block_reduce(in_data, factor, np.mean)
NameError: name 'skimage' is not defined
downscale ▶:   0%|                                                                                  | 0/7056 [00:26<?, ?blocks/s, ⧗=0, ▶=47, ✔=0, ✗=4450, ∅=0]                                                                                                                                                              ERROR:daisy.client:Block downscale/11888 with read ROI [6400:9600, 6656:6912, 3072:3328] (3200, 256, 256) and write ROI [6400:9600, 6656:6912, 3072:3328] (3200, 256, 256) failed in worker 939
Traceback (most recent call last):
  File "/Users/joelyancey/.local/share/virtualenvs/swift-ir-AuCIf4YN/lib/python3.9/site-packages/daisy/client.py", line 85, in acquire_block
    yield block
  File "/Users/joelyancey/.local/share/virtualenvs/swift-ir-AuCIf4YN/lib/python3.9/site-packages/daisy/task.py", line 179, in _process_blocks
    self.process_function(block)
  File "/Users/joelyancey/glanceem_swift/swift-ir/alignEM/package/scale_pyramid.py", line 688, in <lambda>
    process_function=lambda b: downscale_block(
  File "/Users/joelyancey/glanceem_swift/swift-ir/alignEM/package/scale_pyramid.py", line 640, in downscale_block
    out_data = skimage.measure.block_reduce(in_data, factor, np.mean)
NameError: name 'skimage' is not defined
downscale ▶:   0%|                                                                                  | 0/7056 [00:27<?, ?blocks/s, ⧗=0, ▶=47, ✔=0, ✗=4450, ∅=0]                                                                                                                                                              ERROR:daisy.client:Block downscale/29697 with read ROI [6400:9600, 6912:7168, 6656:6912] (3200, 256, 256) and write ROI [6400:9600, 6912:7168, 6656:6912] (3200, 256, 256) failed in worker 939
Traceback (most recent call last):
  File "/Users/joelyancey/.local/share/virtualenvs/swift-ir-AuCIf4YN/lib/python3.9/site-packages/daisy/client.py", line 85, in acquire_block
    yield block
  File "/Users/joelyancey/.local/share/virtualenvs/swift-ir-AuCIf4YN/lib/python3.9/site-packages/daisy/task.py", line 179, in _process_blocks
    self.process_function(block)
  File "/Users/joelyancey/glanceem_swift/swift-ir/alignEM/package/scale_pyramid.py", line 688, in <lambda>
    process_function=lambda b: downscale_block(
  File "/Users/joelyancey/glanceem_swift/swift-ir/alignEM/package/scale_pyramid.py", line 640, in downscale_block
    out_data = skimage.measure.block_reduce(in_data, factor, np.mean)
NameError: name 'skimage' is not defined
downscale ▶:   0%|                                                                                  | 0/7056 [00:27<?, ?blocks/s, ⧗=0, ▶=47, ✔=0, ✗=4450, ∅=0]                                                                                                                                                              ERROR:daisy.client:Block downscale/55207 with read ROI [6400:9600, 7168:7424, 9728:9984] (3200, 256, 256) and write ROI [6400:9600, 7168:7424, 9728:9984] (3200, 256, 256) failed in worker 939
Traceback (most recent call last):
  File "/Users/joelyancey/.local/share/virtualenvs/swift-ir-AuCIf4YN/lib/python3.9/site-packages/daisy/client.py", line 85, in acquire_block
    yield block
  File "/Users/joelyancey/.local/share/virtualenvs/swift-ir-AuCIf4YN/lib/python3.9/site-packages/daisy/task.py", line 179, in _process_blocks
    self.process_function(block)
  File "/Users/joelyancey/glanceem_swift/swift-ir/alignEM/package/scale_pyramid.py", line 688, in <lambda>
    process_function=lambda b: downscale_block(
  File "/Users/joelyancey/glanceem_swift/swift-ir/alignEM/package/scale_pyramid.py", line 640, in downscale_block
    out_data = skimage.measure.block_reduce(in_data, factor, np.mean)
NameError: name 'skimage' is not defined
downscale ▶:   0%|                                                                                  | 0/7056 [00:28<?, ?blocks/s, ⧗=0, ▶=47, ✔=0, ✗=4450, ∅=0]