                                                                                                                                                              ERROR:daisy.client:Block downscale/1660 with read ROI [0:3200, 7680:8192, 2560:3072] (3200, 512, 512) and write ROI [0:3200, 7680:8192, 2560:3072] (3200, 512, 512) failed in worker 1541
Traceback (most recent call last):
  File "/Users/joelyancey/.local/share/virtualenvs/swift-ir-AuCIf4YN/lib/python3.9/site-packages/daisy/client.py", line 85, in acquire_block
    yield block
  File "/Users/joelyancey/.local/share/virtualenvs/swift-ir-AuCIf4YN/lib/python3.9/site-packages/daisy/task.py", line 179, in _process_blocks
    self.process_function(block)
  File "/Users/joelyancey/glanceem_swift/swift-ir/alignEM/package/scale_pyramid.py", line 688, in <lambda>
    process_function=lambda b: downscale_block(
  File "/Users/joelyancey/glanceem_swift/swift-ir/alignEM/package/scale_pyramid.py", line 640, in downscale_block
    out_data = skimage.measure.block_reduce(in_data, factor, np.mean)
NameError: name 'skimage' is not defined
downscale ▶:   0%|                                                                                   | 0/1764 [00:01<?, ?blocks/s, ⧗=0, ▶=39, ✔=0, ✗=212, ∅=0]                                                                                                                                                              ERROR:daisy.client:Block downscale/7923 with read ROI [0:3200, 8704:9216, 9216:9728] (3200, 512, 512) and write ROI [0:3200, 8704:9216, 9216:9728] (3200, 512, 512) failed in worker 1541
Traceback (most recent call last):
  File "/Users/joelyancey/.local/share/virtualenvs/swift-ir-AuCIf4YN/lib/python3.9/site-packages/daisy/client.py", line 85, in acquire_block
    yield block
  File "/Users/joelyancey/.local/share/virtualenvs/swift-ir-AuCIf4YN/lib/python3.9/site-packages/daisy/task.py", line 179, in _process_blocks
    self.process_function(block)
  File "/Users/joelyancey/glanceem_swift/swift-ir/alignEM/package/scale_pyramid.py", line 688, in <lambda>
    process_function=lambda b: downscale_block(
  File "/Users/joelyancey/glanceem_swift/swift-ir/alignEM/package/scale_pyramid.py", line 640, in downscale_block
    out_data = skimage.measure.block_reduce(in_data, factor, np.mean)
NameError: name 'skimage' is not defined
downscale ▶:   0%|                                                                                   | 0/1764 [00:01<?, ?blocks/s, ⧗=0, ▶=39, ✔=0, ✗=212, ∅=0]                                                                                                                                                              ERROR:daisy.client:Block downscale/7980 with read ROI [0:3200, 10240:10592, 7680:8192] (3200, 352, 512) and write ROI [0:3200, 10240:10592, 7680:8192] (3200, 352, 512) failed in worker 1541
Traceback (most recent call last):
  File "/Users/joelyancey/.local/share/virtualenvs/swift-ir-AuCIf4YN/lib/python3.9/site-packages/daisy/client.py", line 85, in acquire_block
    yield block
  File "/Users/joelyancey/.local/share/virtualenvs/swift-ir-AuCIf4YN/lib/python3.9/site-packages/daisy/task.py", line 179, in _process_blocks
    self.process_function(block)
  File "/Users/joelyancey/glanceem_swift/swift-ir/alignEM/package/scale_pyramid.py", line 688, in <lambda>
    process_function=lambda b: downscale_block(
  File "/Users/joelyancey/glanceem_swift/swift-ir/alignEM/package/scale_pyramid.py", line 640, in downscale_block
    out_data = skimage.measure.block_reduce(in_data, factor, np.mean)
NameError: name 'skimage' is not defined
downscale ▶:   0%|                                                                                   | 0/1764 [00:01<?, ?blocks/s, ⧗=0, ▶=39, ✔=0, ✗=212, ∅=0]                                                                                                                                                              ERROR:daisy.client:Block downscale/687 with read ROI [3200:6400, 1024:1536, 6144:6656] (3200, 512, 512) and write ROI [3200:6400, 1024:1536, 6144:6656] (3200, 512, 512) failed in worker 1541
Traceback (most recent call last):
  File "/Users/joelyancey/.local/share/virtualenvs/swift-ir-AuCIf4YN/lib/python3.9/site-packages/daisy/client.py", line 85, in acquire_block
    yield block
  File "/Users/joelyancey/.local/share/virtualenvs/swift-ir-AuCIf4YN/lib/python3.9/site-packages/daisy/task.py", line 179, in _process_blocks
    self.process_function(block)
  File "/Users/joelyancey/glanceem_swift/swift-ir/alignEM/package/scale_pyramid.py", line 688, in <lambda>
    process_function=lambda b: downscale_block(
  File "/Users/joelyancey/glanceem_swift/swift-ir/alignEM/package/scale_pyramid.py", line 640, in downscale_block
    out_data = skimage.measure.block_reduce(in_data, factor, np.mean)
NameError: name 'skimage' is not defined
downscale ▶:   0%|                                                                                   | 0/1764 [00:01<?, ?blocks/s, ⧗=0, ▶=39, ✔=0, ✗=212, ∅=0]