                                                                                                                                                              ERROR:daisy.client:Block downscale/7981 with read ROI [3200:6400, 4864:5120, 3840:4096] (3200, 256, 256) and write ROI [3200:6400, 4864:5120, 3840:4096] (3200, 256, 256) failed in worker 535
Traceback (most recent call last):
  File "/Users/joelyancey/.local/share/virtualenvs/swift-ir-AuCIf4YN/lib/python3.9/site-packages/daisy/client.py", line 85, in acquire_block
    yield block
  File "/Users/joelyancey/.local/share/virtualenvs/swift-ir-AuCIf4YN/lib/python3.9/site-packages/daisy/task.py", line 179, in _process_blocks
    self.process_function(block)
  File "/Users/joelyancey/glanceem_swift/swift-ir/alignEM/package/scale_pyramid.py", line 688, in <lambda>
    process_function=lambda b: downscale_block(
  File "/Users/joelyancey/glanceem_swift/swift-ir/alignEM/package/scale_pyramid.py", line 640, in downscale_block
    out_data = skimage.measure.block_reduce(in_data, factor, np.mean)
NameError: name 'skimage' is not defined
downscale ▶:   0%|                                                                                  | 0/7056 [00:14<?, ?blocks/s, ⧗=0, ▶=50, ✔=0, ✗=2443, ∅=0]                                                                                                                                                              ERROR:daisy.client:Block downscale/26467 with read ROI [3200:6400, 5120:5376, 8192:8448] (3200, 256, 256) and write ROI [3200:6400, 5120:5376, 8192:8448] (3200, 256, 256) failed in worker 535
Traceback (most recent call last):
  File "/Users/joelyancey/.local/share/virtualenvs/swift-ir-AuCIf4YN/lib/python3.9/site-packages/daisy/client.py", line 85, in acquire_block
    yield block
  File "/Users/joelyancey/.local/share/virtualenvs/swift-ir-AuCIf4YN/lib/python3.9/site-packages/daisy/task.py", line 179, in _process_blocks
    self.process_function(block)
  File "/Users/joelyancey/glanceem_swift/swift-ir/alignEM/package/scale_pyramid.py", line 688, in <lambda>
    process_function=lambda b: downscale_block(
  File "/Users/joelyancey/glanceem_swift/swift-ir/alignEM/package/scale_pyramid.py", line 640, in downscale_block
    out_data = skimage.measure.block_reduce(in_data, factor, np.mean)
NameError: name 'skimage' is not defined
downscale ▶:   0%|                                                                                  | 0/7056 [00:14<?, ?blocks/s, ⧗=0, ▶=50, ✔=0, ✗=2443, ∅=0]                                                                                                                                                              ERROR:daisy.client:Block downscale/3931 with read ROI [3200:6400, 5632:5888, 1024:1280] (3200, 256, 256) and write ROI [3200:6400, 5632:5888, 1024:1280] (3200, 256, 256) failed in worker 535
Traceback (most recent call last):
  File "/Users/joelyancey/.local/share/virtualenvs/swift-ir-AuCIf4YN/lib/python3.9/site-packages/daisy/client.py", line 85, in acquire_block
    yield block
  File "/Users/joelyancey/.local/share/virtualenvs/swift-ir-AuCIf4YN/lib/python3.9/site-packages/daisy/task.py", line 179, in _process_blocks
    self.process_function(block)
  File "/Users/joelyancey/glanceem_swift/swift-ir/alignEM/package/scale_pyramid.py", line 688, in <lambda>
    process_function=lambda b: downscale_block(
  File "/Users/joelyancey/glanceem_swift/swift-ir/alignEM/package/scale_pyramid.py", line 640, in downscale_block
    out_data = skimage.measure.block_reduce(in_data, factor, np.mean)
NameError: name 'skimage' is not defined
downscale ▶:   0%|                                                                                  | 0/7056 [00:15<?, ?blocks/s, ⧗=0, ▶=50, ✔=0, ✗=2443, ∅=0]                                                                                                                                                              ERROR:daisy.client:Block downscale/12642 with read ROI [3200:6400, 5888:6144, 4352:4608] (3200, 256, 256) and write ROI [3200:6400, 5888:6144, 4352:4608] (3200, 256, 256) failed in worker 535
Traceback (most recent call last):
  File "/Users/joelyancey/.local/share/virtualenvs/swift-ir-AuCIf4YN/lib/python3.9/site-packages/daisy/client.py", line 85, in acquire_block
    yield block
  File "/Users/joelyancey/.local/share/virtualenvs/swift-ir-AuCIf4YN/lib/python3.9/site-packages/daisy/task.py", line 179, in _process_blocks
    self.process_function(block)
  File "/Users/joelyancey/glanceem_swift/swift-ir/alignEM/package/scale_pyramid.py", line 688, in <lambda>
    process_function=lambda b: downscale_block(
  File "/Users/joelyancey/glanceem_swift/swift-ir/alignEM/package/scale_pyramid.py", line 640, in downscale_block
    out_data = skimage.measure.block_reduce(in_data, factor, np.mean)
NameError: name 'skimage' is not defined
downscale ▶:   0%|                                                                                  | 0/7056 [00:15<?, ?blocks/s, ⧗=0, ▶=50, ✔=0, ✗=2443, ∅=0]