                                                                                                                                                              ERROR:daisy.client:Block downscale/267 with read ROI [6400:9600, 7168:8192, 1024:2048] (3200, 1024, 1024) and write ROI [6400:9600, 7168:8192, 1024:2048] (3200, 1024, 1024) failed in worker 1955
Traceback (most recent call last):
  File "/Users/joelyancey/.local/share/virtualenvs/swift-ir-AuCIf4YN/lib/python3.9/site-packages/daisy/client.py", line 85, in acquire_block
    yield block
  File "/Users/joelyancey/.local/share/virtualenvs/swift-ir-AuCIf4YN/lib/python3.9/site-packages/daisy/task.py", line 179, in _process_blocks
    self.process_function(block)
  File "/Users/joelyancey/glanceem_swift/swift-ir/alignEM/package/scale_pyramid.py", line 688, in <lambda>
    process_function=lambda b: downscale_block(
  File "/Users/joelyancey/glanceem_swift/swift-ir/alignEM/package/scale_pyramid.py", line 640, in downscale_block
    out_data = skimage.measure.block_reduce(in_data, factor, np.mean)
NameError: name 'skimage' is not defined
downscale ▶:   0%|                                                                                    | 0/484 [00:01<?, ?blocks/s, ⧗=0, ▶=34, ✔=0, ✗=225, ∅=0]                                                                                                                                                              ERROR:daisy.client:Block downscale/69 with read ROI [9600:9700, 1024:2048, 2048:3072] (100, 1024, 1024) and write ROI [9600:9700, 1024:2048, 2048:3072] (100, 1024, 1024) failed in worker 1955
Traceback (most recent call last):
  File "/Users/joelyancey/.local/share/virtualenvs/swift-ir-AuCIf4YN/lib/python3.9/site-packages/daisy/client.py", line 85, in acquire_block
    yield block
  File "/Users/joelyancey/.local/share/virtualenvs/swift-ir-AuCIf4YN/lib/python3.9/site-packages/daisy/task.py", line 179, in _process_blocks
    self.process_function(block)
  File "/Users/joelyancey/glanceem_swift/swift-ir/alignEM/package/scale_pyramid.py", line 688, in <lambda>
    process_function=lambda b: downscale_block(
  File "/Users/joelyancey/glanceem_swift/swift-ir/alignEM/package/scale_pyramid.py", line 640, in downscale_block
    out_data = skimage.measure.block_reduce(in_data, factor, np.mean)
NameError: name 'skimage' is not defined
downscale ▶:   0%|                                                                                    | 0/484 [00:01<?, ?blocks/s, ⧗=0, ▶=34, ✔=0, ✗=225, ∅=0]                                                                                                                                                              ERROR:daisy.client:Block downscale/728 with read ROI [9600:9700, 6144:7168, 6144:7168] (100, 1024, 1024) and write ROI [9600:9700, 6144:7168, 6144:7168] (100, 1024, 1024) failed in worker 1955
Traceback (most recent call last):
  File "/Users/joelyancey/.local/share/virtualenvs/swift-ir-AuCIf4YN/lib/python3.9/site-packages/daisy/client.py", line 85, in acquire_block
    yield block
  File "/Users/joelyancey/.local/share/virtualenvs/swift-ir-AuCIf4YN/lib/python3.9/site-packages/daisy/task.py", line 179, in _process_blocks
    self.process_function(block)
  File "/Users/joelyancey/glanceem_swift/swift-ir/alignEM/package/scale_pyramid.py", line 688, in <lambda>
    process_function=lambda b: downscale_block(
  File "/Users/joelyancey/glanceem_swift/swift-ir/alignEM/package/scale_pyramid.py", line 640, in downscale_block
    out_data = skimage.measure.block_reduce(in_data, factor, np.mean)
NameError: name 'skimage' is not defined
downscale ▶:   0%|                                                                                    | 0/484 [00:01<?, ?blocks/s, ⧗=0, ▶=34, ✔=0, ✗=225, ∅=0]