                                                                                                                                                              ERROR:daisy.client:Block downscale/19854 with read ROI [3200:6400, 5376:5632, 6656:6912] (3200, 256, 256) and write ROI [3200:6400, 5376:5632, 6656:6912] (3200, 256, 256) failed in worker 556
Traceback (most recent call last):
  File "/Users/joelyancey/.local/share/virtualenvs/swift-ir-AuCIf4YN/lib/python3.9/site-packages/daisy/client.py", line 85, in acquire_block
    yield block
  File "/Users/joelyancey/.local/share/virtualenvs/swift-ir-AuCIf4YN/lib/python3.9/site-packages/daisy/task.py", line 179, in _process_blocks
    self.process_function(block)
  File "/Users/joelyancey/glanceem_swift/swift-ir/alignEM/package/scale_pyramid.py", line 688, in <lambda>
    process_function=lambda b: downscale_block(
  File "/Users/joelyancey/glanceem_swift/swift-ir/alignEM/package/scale_pyramid.py", line 640, in downscale_block
    out_data = skimage.measure.block_reduce(in_data, factor, np.mean)
NameError: name 'skimage' is not defined
downscale ▶:   0%|                                                                                  | 0/7056 [00:15<?, ?blocks/s, ⧗=0, ▶=41, ✔=0, ✗=2567, ∅=0]                                                                                                                                                              ERROR:daisy.client:Block downscale/46037 with read ROI [3200:6400, 5632:5888, 10496:10588] (3200, 256, 92) and write ROI [3200:6400, 5632:5888, 10496:10588] (3200, 256, 92) failed in worker 556
Traceback (most recent call last):
  File "/Users/joelyancey/.local/share/virtualenvs/swift-ir-AuCIf4YN/lib/python3.9/site-packages/daisy/client.py", line 85, in acquire_block
    yield block
  File "/Users/joelyancey/.local/share/virtualenvs/swift-ir-AuCIf4YN/lib/python3.9/site-packages/daisy/task.py", line 179, in _process_blocks
    self.process_function(block)
  File "/Users/joelyancey/glanceem_swift/swift-ir/alignEM/package/scale_pyramid.py", line 688, in <lambda>
    process_function=lambda b: downscale_block(
  File "/Users/joelyancey/glanceem_swift/swift-ir/alignEM/package/scale_pyramid.py", line 640, in downscale_block
    out_data = skimage.measure.block_reduce(in_data, factor, np.mean)
NameError: name 'skimage' is not defined
downscale ▶:   0%|                                                                                  | 0/7056 [00:15<?, ?blocks/s, ⧗=0, ▶=41, ✔=0, ✗=2567, ∅=0]                                                                                                                                                              ERROR:daisy.client:Block downscale/10986 with read ROI [3200:6400, 6144:6400, 3584:3840] (3200, 256, 256) and write ROI [3200:6400, 6144:6400, 3584:3840] (3200, 256, 256) failed in worker 556
Traceback (most recent call last):
  File "/Users/joelyancey/.local/share/virtualenvs/swift-ir-AuCIf4YN/lib/python3.9/site-packages/daisy/client.py", line 85, in acquire_block
    yield block
  File "/Users/joelyancey/.local/share/virtualenvs/swift-ir-AuCIf4YN/lib/python3.9/site-packages/daisy/task.py", line 179, in _process_blocks
    self.process_function(block)
  File "/Users/joelyancey/glanceem_swift/swift-ir/alignEM/package/scale_pyramid.py", line 688, in <lambda>
    process_function=lambda b: downscale_block(
  File "/Users/joelyancey/glanceem_swift/swift-ir/alignEM/package/scale_pyramid.py", line 640, in downscale_block
    out_data = skimage.measure.block_reduce(in_data, factor, np.mean)
NameError: name 'skimage' is not defined
downscale ▶:   0%|                                                                                  | 0/7056 [00:15<?, ?blocks/s, ⧗=0, ▶=41, ✔=0, ✗=2567, ∅=0]                                                                                                                                                              ERROR:daisy.client:Block downscale/29612 with read ROI [3200:6400, 6400:6656, 7424:7680] (3200, 256, 256) and write ROI [3200:6400, 6400:6656, 7424:7680] (3200, 256, 256) failed in worker 556
Traceback (most recent call last):
  File "/Users/joelyancey/.local/share/virtualenvs/swift-ir-AuCIf4YN/lib/python3.9/site-packages/daisy/client.py", line 85, in acquire_block
    yield block
  File "/Users/joelyancey/.local/share/virtualenvs/swift-ir-AuCIf4YN/lib/python3.9/site-packages/daisy/task.py", line 179, in _process_blocks
    self.process_function(block)
  File "/Users/joelyancey/glanceem_swift/swift-ir/alignEM/package/scale_pyramid.py", line 688, in <lambda>
    process_function=lambda b: downscale_block(
  File "/Users/joelyancey/glanceem_swift/swift-ir/alignEM/package/scale_pyramid.py", line 640, in downscale_block
    out_data = skimage.measure.block_reduce(in_data, factor, np.mean)
NameError: name 'skimage' is not defined
downscale ▶:   0%|                                                                                  | 0/7056 [00:16<?, ?blocks/s, ⧗=0, ▶=41, ✔=0, ✗=2567, ∅=0]