                                                                                                                                                              ERROR:daisy.client:Block downscale/17387 with read ROI [0:3200, 3328:3584, 8448:8704] (3200, 256, 256) and write ROI [0:3200, 3328:3584, 8448:8704] (3200, 256, 256) failed in worker 121
Traceback (most recent call last):
  File "/Users/joelyancey/.local/share/virtualenvs/swift-ir-AuCIf4YN/lib/python3.9/site-packages/daisy/client.py", line 85, in acquire_block
    yield block
  File "/Users/joelyancey/.local/share/virtualenvs/swift-ir-AuCIf4YN/lib/python3.9/site-packages/daisy/task.py", line 179, in _process_blocks
    self.process_function(block)
  File "/Users/joelyancey/glanceem_swift/swift-ir/alignEM/package/scale_pyramid.py", line 688, in <lambda>
    process_function=lambda b: downscale_block(
  File "/Users/joelyancey/glanceem_swift/swift-ir/alignEM/package/scale_pyramid.py", line 640, in downscale_block
    out_data = skimage.measure.block_reduce(in_data, factor, np.mean)
NameError: name 'skimage' is not defined
downscale ▶:   0%|                                                                                   | 0/7056 [00:02<?, ?blocks/s, ⧗=0, ▶=57, ✔=0, ✗=458, ∅=0]                                                                                                                                                              ERROR:daisy.client:Block downscale/1260 with read ROI [0:3200, 3840:4096, 768:1024] (3200, 256, 256) and write ROI [0:3200, 3840:4096, 768:1024] (3200, 256, 256) failed in worker 121
Traceback (most recent call last):
  File "/Users/joelyancey/.local/share/virtualenvs/swift-ir-AuCIf4YN/lib/python3.9/site-packages/daisy/client.py", line 85, in acquire_block
    yield block
  File "/Users/joelyancey/.local/share/virtualenvs/swift-ir-AuCIf4YN/lib/python3.9/site-packages/daisy/task.py", line 179, in _process_blocks
    self.process_function(block)
  File "/Users/joelyancey/glanceem_swift/swift-ir/alignEM/package/scale_pyramid.py", line 688, in <lambda>
    process_function=lambda b: downscale_block(
  File "/Users/joelyancey/glanceem_swift/swift-ir/alignEM/package/scale_pyramid.py", line 640, in downscale_block
    out_data = skimage.measure.block_reduce(in_data, factor, np.mean)
NameError: name 'skimage' is not defined
downscale ▶:   0%|                                                                                   | 0/7056 [00:03<?, ?blocks/s, ⧗=0, ▶=57, ✔=0, ✗=458, ∅=0]                                                                                                                                                              ERROR:daisy.client:Block downscale/5592 with read ROI [0:3200, 4096:4352, 3840:4096] (3200, 256, 256) and write ROI [0:3200, 4096:4352, 3840:4096] (3200, 256, 256) failed in worker 121
Traceback (most recent call last):
  File "/Users/joelyancey/.local/share/virtualenvs/swift-ir-AuCIf4YN/lib/python3.9/site-packages/daisy/client.py", line 85, in acquire_block
    yield block
  File "/Users/joelyancey/.local/share/virtualenvs/swift-ir-AuCIf4YN/lib/python3.9/site-packages/daisy/task.py", line 179, in _process_blocks
    self.process_function(block)
  File "/Users/joelyancey/glanceem_swift/swift-ir/alignEM/package/scale_pyramid.py", line 688, in <lambda>
    process_function=lambda b: downscale_block(
  File "/Users/joelyancey/glanceem_swift/swift-ir/alignEM/package/scale_pyramid.py", line 640, in downscale_block
    out_data = skimage.measure.block_reduce(in_data, factor, np.mean)
NameError: name 'skimage' is not defined
downscale ▶:   0%|                                                                                   | 0/7056 [00:03<?, ?blocks/s, ⧗=0, ▶=57, ✔=0, ✗=458, ∅=0]                                                                                                                                                              ERROR:daisy.client:Block downscale/20978 with read ROI [0:3200, 4352:4608, 8192:8448] (3200, 256, 256) and write ROI [0:3200, 4352:4608, 8192:8448] (3200, 256, 256) failed in worker 121
Traceback (most recent call last):
  File "/Users/joelyancey/.local/share/virtualenvs/swift-ir-AuCIf4YN/lib/python3.9/site-packages/daisy/client.py", line 85, in acquire_block
    yield block
  File "/Users/joelyancey/.local/share/virtualenvs/swift-ir-AuCIf4YN/lib/python3.9/site-packages/daisy/task.py", line 179, in _process_blocks
    self.process_function(block)
  File "/Users/joelyancey/glanceem_swift/swift-ir/alignEM/package/scale_pyramid.py", line 688, in <lambda>
    process_function=lambda b: downscale_block(
  File "/Users/joelyancey/glanceem_swift/swift-ir/alignEM/package/scale_pyramid.py", line 640, in downscale_block
    out_data = skimage.measure.block_reduce(in_data, factor, np.mean)
NameError: name 'skimage' is not defined
downscale ▶:   0%|                                                                                   | 0/7056 [00:03<?, ?blocks/s, ⧗=0, ▶=57, ✔=0, ✗=458, ∅=0]