                                                                                                                                                              ERROR:daisy.client:Block downscale/1548 with read ROI [6400:9600, 512:1024, 8704:9216] (3200, 512, 512) and write ROI [6400:9600, 512:1024, 8704:9216] (3200, 512, 512) failed in worker 1669
Traceback (most recent call last):
  File "/Users/joelyancey/.local/share/virtualenvs/swift-ir-AuCIf4YN/lib/python3.9/site-packages/daisy/client.py", line 85, in acquire_block
    yield block
  File "/Users/joelyancey/.local/share/virtualenvs/swift-ir-AuCIf4YN/lib/python3.9/site-packages/daisy/task.py", line 179, in _process_blocks
    self.process_function(block)
  File "/Users/joelyancey/glanceem_swift/swift-ir/alignEM/package/scale_pyramid.py", line 688, in <lambda>
    process_function=lambda b: downscale_block(
  File "/Users/joelyancey/glanceem_swift/swift-ir/alignEM/package/scale_pyramid.py", line 640, in downscale_block
    out_data = skimage.measure.block_reduce(in_data, factor, np.mean)
NameError: name 'skimage' is not defined
downscale ▶:   0%|                                                                                   | 0/1764 [00:04<?, ?blocks/s, ⧗=0, ▶=31, ✔=0, ✗=825, ∅=0]                                                                                                                                                              ERROR:daisy.client:Block downscale/839 with read ROI [6400:9600, 2048:2560, 5120:5632] (3200, 512, 512) and write ROI [6400:9600, 2048:2560, 5120:5632] (3200, 512, 512) failed in worker 1669
Traceback (most recent call last):
  File "/Users/joelyancey/.local/share/virtualenvs/swift-ir-AuCIf4YN/lib/python3.9/site-packages/daisy/client.py", line 85, in acquire_block
    yield block
  File "/Users/joelyancey/.local/share/virtualenvs/swift-ir-AuCIf4YN/lib/python3.9/site-packages/daisy/task.py", line 179, in _process_blocks
    self.process_function(block)
  File "/Users/joelyancey/glanceem_swift/swift-ir/alignEM/package/scale_pyramid.py", line 688, in <lambda>
    process_function=lambda b: downscale_block(
  File "/Users/joelyancey/glanceem_swift/swift-ir/alignEM/package/scale_pyramid.py", line 640, in downscale_block
    out_data = skimage.measure.block_reduce(in_data, factor, np.mean)
NameError: name 'skimage' is not defined
downscale ▶:   0%|                                                                                   | 0/1764 [00:04<?, ?blocks/s, ⧗=0, ▶=31, ✔=0, ✗=825, ∅=0]                                                                                                                                                              ERROR:daisy.client:Block downscale/607 with read ROI [6400:9600, 3584:4096, 2560:3072] (3200, 512, 512) and write ROI [6400:9600, 3584:4096, 2560:3072] (3200, 512, 512) failed in worker 1669
Traceback (most recent call last):
  File "/Users/joelyancey/.local/share/virtualenvs/swift-ir-AuCIf4YN/lib/python3.9/site-packages/daisy/client.py", line 85, in acquire_block
    yield block
  File "/Users/joelyancey/.local/share/virtualenvs/swift-ir-AuCIf4YN/lib/python3.9/site-packages/daisy/task.py", line 179, in _process_blocks
    self.process_function(block)
  File "/Users/joelyancey/glanceem_swift/swift-ir/alignEM/package/scale_pyramid.py", line 688, in <lambda>
    process_function=lambda b: downscale_block(
  File "/Users/joelyancey/glanceem_swift/swift-ir/alignEM/package/scale_pyramid.py", line 640, in downscale_block
    out_data = skimage.measure.block_reduce(in_data, factor, np.mean)
NameError: name 'skimage' is not defined
downscale ▶:   0%|                                                                                   | 0/1764 [00:04<?, ?blocks/s, ⧗=0, ▶=31, ✔=0, ✗=825, ∅=0]                                                                                                                                                              ERROR:daisy.client:Block downscale/640 with read ROI [6400:9600, 5120:5632, 1024:1536] (3200, 512, 512) and write ROI [6400:9600, 5120:5632, 1024:1536] (3200, 512, 512) failed in worker 1669
Traceback (most recent call last):
  File "/Users/joelyancey/.local/share/virtualenvs/swift-ir-AuCIf4YN/lib/python3.9/site-packages/daisy/client.py", line 85, in acquire_block
    yield block
  File "/Users/joelyancey/.local/share/virtualenvs/swift-ir-AuCIf4YN/lib/python3.9/site-packages/daisy/task.py", line 179, in _process_blocks
    self.process_function(block)
  File "/Users/joelyancey/glanceem_swift/swift-ir/alignEM/package/scale_pyramid.py", line 688, in <lambda>
    process_function=lambda b: downscale_block(
  File "/Users/joelyancey/glanceem_swift/swift-ir/alignEM/package/scale_pyramid.py", line 640, in downscale_block
    out_data = skimage.measure.block_reduce(in_data, factor, np.mean)
NameError: name 'skimage' is not defined
downscale ▶:   0%|                                                                                   | 0/1764 [00:04<?, ?blocks/s, ⧗=0, ▶=31, ✔=0, ✗=825, ∅=0]