                                                                                                                                                              ERROR:daisy.client:Block downscale/3888 with read ROI [9600:9700, 9216:9728, 3072:3584] (100, 512, 512) and write ROI [9600:9700, 9216:9728, 3072:3584] (100, 512, 512) failed in worker 1819
Traceback (most recent call last):
  File "/Users/joelyancey/.local/share/virtualenvs/swift-ir-AuCIf4YN/lib/python3.9/site-packages/daisy/client.py", line 85, in acquire_block
    yield block
  File "/Users/joelyancey/.local/share/virtualenvs/swift-ir-AuCIf4YN/lib/python3.9/site-packages/daisy/task.py", line 179, in _process_blocks
    self.process_function(block)
  File "/Users/joelyancey/glanceem_swift/swift-ir/alignEM/package/scale_pyramid.py", line 688, in <lambda>
    process_function=lambda b: downscale_block(
  File "/Users/joelyancey/glanceem_swift/swift-ir/alignEM/package/scale_pyramid.py", line 640, in downscale_block
    out_data = skimage.measure.block_reduce(in_data, factor, np.mean)
NameError: name 'skimage' is not defined
downscale ▶:   0%|                                                                                  | 0/1764 [00:08<?, ?blocks/s, ⧗=0, ▶=53, ✔=0, ✗=1558, ∅=0]                                                                                                                                                              ERROR:daisy.client:Block downscale/14469 with read ROI [9600:9700, 10240:10592, 10240:10592] (100, 352, 352) and write ROI [9600:9700, 10240:10592, 10240:10592] (100, 352, 352) failed in worker 1819
Traceback (most recent call last):
  File "/Users/joelyancey/.local/share/virtualenvs/swift-ir-AuCIf4YN/lib/python3.9/site-packages/daisy/client.py", line 85, in acquire_block
    yield block
  File "/Users/joelyancey/.local/share/virtualenvs/swift-ir-AuCIf4YN/lib/python3.9/site-packages/daisy/task.py", line 179, in _process_blocks
    self.process_function(block)
  File "/Users/joelyancey/glanceem_swift/swift-ir/alignEM/package/scale_pyramid.py", line 688, in <lambda>
    process_function=lambda b: downscale_block(
  File "/Users/joelyancey/glanceem_swift/swift-ir/alignEM/package/scale_pyramid.py", line 640, in downscale_block
    out_data = skimage.measure.block_reduce(in_data, factor, np.mean)
NameError: name 'skimage' is not defined
downscale ▶:   0%|                                                                                  | 0/1764 [00:08<?, ?blocks/s, ⧗=0, ▶=53, ✔=0, ✗=1558, ∅=0]