                                                                                                                                                              ERROR:daisy.client:Block downscale/1486 with read ROI [9600:9700, 7168:7680, 1024:1536] (100, 512, 512) and write ROI [9600:9700, 7168:7680, 1024:1536] (100, 512, 512) failed in worker 1813
Traceback (most recent call last):
  File "/Users/joelyancey/.local/share/virtualenvs/swift-ir-AuCIf4YN/lib/python3.9/site-packages/daisy/client.py", line 85, in acquire_block
    yield block
  File "/Users/joelyancey/.local/share/virtualenvs/swift-ir-AuCIf4YN/lib/python3.9/site-packages/daisy/task.py", line 179, in _process_blocks
    self.process_function(block)
  File "/Users/joelyancey/glanceem_swift/swift-ir/alignEM/package/scale_pyramid.py", line 688, in <lambda>
    process_function=lambda b: downscale_block(
  File "/Users/joelyancey/glanceem_swift/swift-ir/alignEM/package/scale_pyramid.py", line 640, in downscale_block
    out_data = skimage.measure.block_reduce(in_data, factor, np.mean)
NameError: name 'skimage' is not defined
downscale ▶:   0%|                                                                                  | 0/1764 [00:07<?, ?blocks/s, ⧗=0, ▶=45, ✔=0, ✗=1493, ∅=0]                                                                                                                                                              ERROR:daisy.client:Block downscale/9332 with read ROI [9600:9700, 8192:8704, 9216:9728] (100, 512, 512) and write ROI [9600:9700, 8192:8704, 9216:9728] (100, 512, 512) failed in worker 1813
Traceback (most recent call last):
  File "/Users/joelyancey/.local/share/virtualenvs/swift-ir-AuCIf4YN/lib/python3.9/site-packages/daisy/client.py", line 85, in acquire_block
    yield block
  File "/Users/joelyancey/.local/share/virtualenvs/swift-ir-AuCIf4YN/lib/python3.9/site-packages/daisy/task.py", line 179, in _process_blocks
    self.process_function(block)
  File "/Users/joelyancey/glanceem_swift/swift-ir/alignEM/package/scale_pyramid.py", line 688, in <lambda>
    process_function=lambda b: downscale_block(
  File "/Users/joelyancey/glanceem_swift/swift-ir/alignEM/package/scale_pyramid.py", line 640, in downscale_block
    out_data = skimage.measure.block_reduce(in_data, factor, np.mean)
NameError: name 'skimage' is not defined
downscale ▶:   0%|                                                                                  | 0/1764 [00:08<?, ?blocks/s, ⧗=0, ▶=45, ✔=0, ✗=1493, ∅=0]                                                                                                                                                              ERROR:daisy.client:Block downscale/8692 with read ROI [9600:9700, 9728:10240, 7168:7680] (100, 512, 512) and write ROI [9600:9700, 9728:10240, 7168:7680] (100, 512, 512) failed in worker 1813
Traceback (most recent call last):
  File "/Users/joelyancey/.local/share/virtualenvs/swift-ir-AuCIf4YN/lib/python3.9/site-packages/daisy/client.py", line 85, in acquire_block
    yield block
  File "/Users/joelyancey/.local/share/virtualenvs/swift-ir-AuCIf4YN/lib/python3.9/site-packages/daisy/task.py", line 179, in _process_blocks
    self.process_function(block)
  File "/Users/joelyancey/glanceem_swift/swift-ir/alignEM/package/scale_pyramid.py", line 688, in <lambda>
    process_function=lambda b: downscale_block(
  File "/Users/joelyancey/glanceem_swift/swift-ir/alignEM/package/scale_pyramid.py", line 640, in downscale_block
    out_data = skimage.measure.block_reduce(in_data, factor, np.mean)
NameError: name 'skimage' is not defined
downscale ▶:   0%|                                                                                  | 0/1764 [00:08<?, ?blocks/s, ⧗=0, ▶=45, ✔=0, ✗=1493, ∅=0]