                                                                                                                                                              ERROR:daisy.client:Block downscale/3790 with read ROI [0:3200, 4096:4352, 2816:3072] (3200, 256, 256) and write ROI [0:3200, 4096:4352, 2816:3072] (3200, 256, 256) failed in worker 171
Traceback (most recent call last):
  File "/Users/joelyancey/.local/share/virtualenvs/swift-ir-AuCIf4YN/lib/python3.9/site-packages/daisy/client.py", line 85, in acquire_block
    yield block
  File "/Users/joelyancey/.local/share/virtualenvs/swift-ir-AuCIf4YN/lib/python3.9/site-packages/daisy/task.py", line 179, in _process_blocks
    self.process_function(block)
  File "/Users/joelyancey/glanceem_swift/swift-ir/alignEM/package/scale_pyramid.py", line 688, in <lambda>
    process_function=lambda b: downscale_block(
  File "/Users/joelyancey/glanceem_swift/swift-ir/alignEM/package/scale_pyramid.py", line 640, in downscale_block
    out_data = skimage.measure.block_reduce(in_data, factor, np.mean)
NameError: name 'skimage' is not defined
downscale ▶:   0%|                                                                                   | 0/7056 [00:03<?, ?blocks/s, ⧗=0, ▶=30, ✔=0, ✗=583, ∅=0]                                                                                                                                                              ERROR:daisy.client:Block downscale/17449 with read ROI [0:3200, 4352:4608, 7424:7680] (3200, 256, 256) and write ROI [0:3200, 4352:4608, 7424:7680] (3200, 256, 256) failed in worker 171
Traceback (most recent call last):
  File "/Users/joelyancey/.local/share/virtualenvs/swift-ir-AuCIf4YN/lib/python3.9/site-packages/daisy/client.py", line 85, in acquire_block
    yield block
  File "/Users/joelyancey/.local/share/virtualenvs/swift-ir-AuCIf4YN/lib/python3.9/site-packages/daisy/task.py", line 179, in _process_blocks
    self.process_function(block)
  File "/Users/joelyancey/glanceem_swift/swift-ir/alignEM/package/scale_pyramid.py", line 688, in <lambda>
    process_function=lambda b: downscale_block(
  File "/Users/joelyancey/glanceem_swift/swift-ir/alignEM/package/scale_pyramid.py", line 640, in downscale_block
    out_data = skimage.measure.block_reduce(in_data, factor, np.mean)
NameError: name 'skimage' is not defined
downscale ▶:   0%|                                                                                   | 0/7056 [00:03<?, ?blocks/s, ⧗=0, ▶=30, ✔=0, ✗=583, ∅=0]                                                                                                                                                              ERROR:daisy.client:Block downscale/2790 with read ROI [0:3200, 4864:5120, 1280:1536] (3200, 256, 256) and write ROI [0:3200, 4864:5120, 1280:1536] (3200, 256, 256) failed in worker 171
Traceback (most recent call last):
  File "/Users/joelyancey/.local/share/virtualenvs/swift-ir-AuCIf4YN/lib/python3.9/site-packages/daisy/client.py", line 85, in acquire_block
    yield block
  File "/Users/joelyancey/.local/share/virtualenvs/swift-ir-AuCIf4YN/lib/python3.9/site-packages/daisy/task.py", line 179, in _process_blocks
    self.process_function(block)
  File "/Users/joelyancey/glanceem_swift/swift-ir/alignEM/package/scale_pyramid.py", line 688, in <lambda>
    process_function=lambda b: downscale_block(
  File "/Users/joelyancey/glanceem_swift/swift-ir/alignEM/package/scale_pyramid.py", line 640, in downscale_block
    out_data = skimage.measure.block_reduce(in_data, factor, np.mean)
NameError: name 'skimage' is not defined
downscale ▶:   0%|                                                                                   | 0/7056 [00:03<?, ?blocks/s, ⧗=0, ▶=30, ✔=0, ✗=583, ∅=0]                                                                                                                                                              ERROR:daisy.client:Block downscale/14400 with read ROI [0:3200, 5120:5376, 5888:6144] (3200, 256, 256) and write ROI [0:3200, 5120:5376, 5888:6144] (3200, 256, 256) failed in worker 171
Traceback (most recent call last):
  File "/Users/joelyancey/.local/share/virtualenvs/swift-ir-AuCIf4YN/lib/python3.9/site-packages/daisy/client.py", line 85, in acquire_block
    yield block
  File "/Users/joelyancey/.local/share/virtualenvs/swift-ir-AuCIf4YN/lib/python3.9/site-packages/daisy/task.py", line 179, in _process_blocks
    self.process_function(block)
  File "/Users/joelyancey/glanceem_swift/swift-ir/alignEM/package/scale_pyramid.py", line 688, in <lambda>
    process_function=lambda b: downscale_block(
  File "/Users/joelyancey/glanceem_swift/swift-ir/alignEM/package/scale_pyramid.py", line 640, in downscale_block
    out_data = skimage.measure.block_reduce(in_data, factor, np.mean)
NameError: name 'skimage' is not defined
downscale ▶:   0%|                                                                                   | 0/7056 [00:04<?, ?blocks/s, ⧗=0, ▶=30, ✔=0, ✗=583, ∅=0]