                                                                                                                                                              ERROR:daisy.client:Block downscale/5213 with read ROI [0:3200, 5632:5888, 2048:2304] (3200, 256, 256) and write ROI [0:3200, 5632:5888, 2048:2304] (3200, 256, 256) failed in worker 215
Traceback (most recent call last):
  File "/Users/joelyancey/.local/share/virtualenvs/swift-ir-AuCIf4YN/lib/python3.9/site-packages/daisy/client.py", line 85, in acquire_block
    yield block
  File "/Users/joelyancey/.local/share/virtualenvs/swift-ir-AuCIf4YN/lib/python3.9/site-packages/daisy/task.py", line 179, in _process_blocks
    self.process_function(block)
  File "/Users/joelyancey/glanceem_swift/swift-ir/alignEM/package/scale_pyramid.py", line 688, in <lambda>
    process_function=lambda b: downscale_block(
  File "/Users/joelyancey/glanceem_swift/swift-ir/alignEM/package/scale_pyramid.py", line 640, in downscale_block
    out_data = skimage.measure.block_reduce(in_data, factor, np.mean)
NameError: name 'skimage' is not defined
downscale ▶:   0%|                                                                                   | 0/7056 [00:04<?, ?blocks/s, ⧗=0, ▶=24, ✔=0, ✗=842, ∅=0]                                                                                                                                                              ERROR:daisy.client:Block downscale/17572 with read ROI [0:3200, 5888:6144, 5888:6144] (3200, 256, 256) and write ROI [0:3200, 5888:6144, 5888:6144] (3200, 256, 256) failed in worker 215
Traceback (most recent call last):
  File "/Users/joelyancey/.local/share/virtualenvs/swift-ir-AuCIf4YN/lib/python3.9/site-packages/daisy/client.py", line 85, in acquire_block
    yield block
  File "/Users/joelyancey/.local/share/virtualenvs/swift-ir-AuCIf4YN/lib/python3.9/site-packages/daisy/task.py", line 179, in _process_blocks
    self.process_function(block)
  File "/Users/joelyancey/glanceem_swift/swift-ir/alignEM/package/scale_pyramid.py", line 688, in <lambda>
    process_function=lambda b: downscale_block(
  File "/Users/joelyancey/glanceem_swift/swift-ir/alignEM/package/scale_pyramid.py", line 640, in downscale_block
    out_data = skimage.measure.block_reduce(in_data, factor, np.mean)
NameError: name 'skimage' is not defined
downscale ▶:   0%|                                                                                   | 0/7056 [00:05<?, ?blocks/s, ⧗=0, ▶=24, ✔=0, ✗=842, ∅=0]                                                                                                                                                              ERROR:daisy.client:Block downscale/41964 with read ROI [0:3200, 6144:6400, 9728:9984] (3200, 256, 256) and write ROI [0:3200, 6144:6400, 9728:9984] (3200, 256, 256) failed in worker 215
Traceback (most recent call last):
  File "/Users/joelyancey/.local/share/virtualenvs/swift-ir-AuCIf4YN/lib/python3.9/site-packages/daisy/client.py", line 85, in acquire_block
    yield block
  File "/Users/joelyancey/.local/share/virtualenvs/swift-ir-AuCIf4YN/lib/python3.9/site-packages/daisy/task.py", line 179, in _process_blocks
    self.process_function(block)
  File "/Users/joelyancey/glanceem_swift/swift-ir/alignEM/package/scale_pyramid.py", line 688, in <lambda>
    process_function=lambda b: downscale_block(
  File "/Users/joelyancey/glanceem_swift/swift-ir/alignEM/package/scale_pyramid.py", line 640, in downscale_block
    out_data = skimage.measure.block_reduce(in_data, factor, np.mean)
NameError: name 'skimage' is not defined
downscale ▶:   0%|                                                                                   | 0/7056 [00:05<?, ?blocks/s, ⧗=0, ▶=24, ✔=0, ✗=842, ∅=0]                                                                                                                                                              ERROR:daisy.client:Block downscale/11831 with read ROI [0:3200, 6656:6912, 3584:3840] (3200, 256, 256) and write ROI [0:3200, 6656:6912, 3584:3840] (3200, 256, 256) failed in worker 215
Traceback (most recent call last):
  File "/Users/joelyancey/.local/share/virtualenvs/swift-ir-AuCIf4YN/lib/python3.9/site-packages/daisy/client.py", line 85, in acquire_block
    yield block
  File "/Users/joelyancey/.local/share/virtualenvs/swift-ir-AuCIf4YN/lib/python3.9/site-packages/daisy/task.py", line 179, in _process_blocks
    self.process_function(block)
  File "/Users/joelyancey/glanceem_swift/swift-ir/alignEM/package/scale_pyramid.py", line 688, in <lambda>
    process_function=lambda b: downscale_block(
  File "/Users/joelyancey/glanceem_swift/swift-ir/alignEM/package/scale_pyramid.py", line 640, in downscale_block
    out_data = skimage.measure.block_reduce(in_data, factor, np.mean)
NameError: name 'skimage' is not defined
downscale ▶:   0%|                                                                                   | 0/7056 [00:05<?, ?blocks/s, ⧗=0, ▶=24, ✔=0, ✗=842, ∅=0]